gyre [6.0.1]
------------

OpenMP Threads   : 12
Input filename   : gyre.in

Model Init
----------

Reading from FGONG file
   File name ../profile1.data.FGONG
   File version 1300
   Read 1082 points
   No need to add central point

Mode Search
-----------

Mode parameters
   l : 0
   m : 0

Building frequency grid (REAL axis)
   added scan interval :  0.8107E+01 ->  0.5353E+02 (100 points, LINEAR)

Building spatial grid
   Refined 0 subinterval(s) in iteration 1
   Final grid has 1 segment(s) and 1082 point(s):
      Segment 1 : x range 0.0000 -> 1.0009 (1 -> 1082)

Starting search (adiabatic)

Evaluating discriminant
  Time elapsed :     0.030 s

Root Solving
   l    m    n_pg    n_p    n_g       Re(omega)       Im(omega)        chi n_iter
   0    0       5      5      0  0.81793764E+01  0.00000000E+00 0.4980E-13     10
   0    0       6      6      0  0.96757552E+01  0.00000000E+00 0.4962E-13      7
   0    0       7      7      0  0.11140286E+02  0.00000000E+00 0.1463E-13      8
   0    0       8      8      0  0.12606020E+02  0.00000000E+00 0.2464E-13      8
   0    0       9      9      0  0.14056559E+02  0.00000000E+00 0.2743E-13      6
   0    0      10     10      0  0.15487266E+02  0.00000000E+00 0.3370E-13      9
   0    0      11     11      0  0.16898335E+02  0.00000000E+00 0.1464E-13      7
   0    0      12     12      0  0.18275962E+02  0.00000000E+00 0.2890E-13      6
   0    0      13     13      0  0.19639920E+02  0.00000000E+00 0.6788E-13      9
   0    0      14     14      0  0.20998323E+02  0.00000000E+00 0.3950E-13      8
   0    0      15     15      0  0.22357399E+02  0.00000000E+00 0.5387E-13      8
   0    0      16     16      0  0.23717978E+02  0.00000000E+00 0.2924E-13      8
   0    0      17     17      0  0.25066076E+02  0.00000000E+00 0.9584E-15     10
   0    0      18     18      0  0.26407108E+02  0.00000000E+00 0.2554E-13      6
   0    0      19     19      0  0.27747114E+02  0.00000000E+00 0.5196E-15      7
   0    0      20     20      0  0.29090514E+02  0.00000000E+00 0.6354E-14      7
   0    0      21     21      0  0.30441768E+02  0.00000000E+00 0.8125E-13      6
   0    0      22     22      0  0.31794086E+02  0.00000000E+00 0.4645E-13      9
   0    0      23     23      0  0.33147673E+02  0.00000000E+00 0.3380E-13      8
   0    0      24     24      0  0.34502391E+02  0.00000000E+00 0.7867E-13      8
   0    0      25     25      0  0.35857868E+02  0.00000000E+00 0.5859E-13      7
   0    0      26     26      0  0.37218651E+02  0.00000000E+00 0.8243E-13      6
   0    0      27     27      0  0.38581809E+02  0.00000000E+00 0.3502E-13      6
   0    0      28     28      0  0.39947464E+02  0.00000000E+00 0.4537E-13      6
   0    0      29     29      0  0.41315149E+02  0.00000000E+00 0.3016E-13      6
   0    0      30     30      0  0.42683357E+02  0.00000000E+00 0.9917E-16      7
   0    0      31     31      0  0.44054271E+02  0.00000000E+00 0.6777E-13      8
   0    0      32     32      0  0.45425150E+02  0.00000000E+00 0.2910E-13      9
   0    0      33     33      0  0.46796196E+02  0.00000000E+00 0.8545E-13      9
   0    0      34     34      0  0.48167291E+02  0.00000000E+00 0.1165E-13      7
   0    0      35     35      0  0.49536710E+02  0.00000000E+00 0.5206E-14      7
   0    0      36     36      0  0.50904420E+02  0.00000000E+00 0.9252E-14      6
   0    0      37     37      0  0.52264698E+02  0.00000000E+00 0.6725E-13      7
  Time elapsed :      0.447 s

Mode Search
-----------

Mode parameters
   l : 1
   m : 0

Building frequency grid (REAL axis)
   added scan interval :  0.8107E+01 ->  0.5353E+02 (100 points, LINEAR)

Building spatial grid
   Refined 0 subinterval(s) in iteration 1
   Final grid has 1 segment(s) and 1082 point(s):
      Segment 1 : x range 0.0000 -> 1.0009 (1 -> 1082)

Starting search (adiabatic)

Evaluating discriminant
  Time elapsed :     0.105 s

Root Solving
   l    m    n_pg    n_p    n_g       Re(omega)       Im(omega)        chi n_iter
   1    0       5      4      0  0.88958397E+01  0.00000000E+00 0.1161E-13      7
   1    0       6      5      0  0.10363507E+02  0.00000000E+00 0.8167E-13      8
   1    0       7      6      0  0.11827154E+02  0.00000000E+00 0.4015E-13     10
   1    0       8      7      0  0.13274675E+02  0.00000000E+00 0.2245E-13      8
   1    0       9      8      0  0.14720818E+02  0.00000000E+00 0.3672E-13      7
   1    0      10      9      0  0.16138749E+02  0.00000000E+00 0.2141E-13      9
   1    0      11     10      0  0.17534283E+02  0.00000000E+00 0.3558E-13      9
   1    0      12     11      0  0.18906587E+02  0.00000000E+00 0.1291E-13      8
   1    0      13     12      0  0.20264300E+02  0.00000000E+00 0.4799E-15     10
   1    0      14     13      0  0.21626807E+02  0.00000000E+00 0.2749E-13      7
   1    0      15     14      0  0.22987548E+02  0.00000000E+00 0.3057E-13      8
   1    0      16     15      0  0.24343842E+02  0.00000000E+00 0.3052E-13     10
   1    0      17     16      0  0.25690941E+02  0.00000000E+00 0.3823E-13      8
   1    0      18     17      0  0.27029738E+02  0.00000000E+00 0.4193E-14      7
   1    0      19     18      0  0.28373365E+02  0.00000000E+00 0.3081E-13      8
   1    0      20     19      0  0.29721509E+02  0.00000000E+00 0.2932E-13      7
   1    0      21     20      0  0.31073977E+02  0.00000000E+00 0.3820E-13      6
   1    0      22     21      0  0.32429415E+02  0.00000000E+00 0.9504E-14      6
   1    0      23     22      0  0.33783326E+02  0.00000000E+00 0.8026E-14      6
   1    0      24     23      0  0.35139856E+02  0.00000000E+00 0.1543E-13      7
   1    0      25     24      0  0.36498839E+02  0.00000000E+00 0.2522E-14      7
   1    0      26     25      0  0.37861222E+02  0.00000000E+00 0.1193E-12      7
   1    0      27     26      0  0.39227643E+02  0.00000000E+00 0.4140E-13      6
   1    0      28     27      0  0.40594482E+02  0.00000000E+00 0.5576E-13      8
   1    0      29     28      0  0.41963730E+02  0.00000000E+00 0.1866E-13      7
   1    0      30     29      0  0.43334292E+02  0.00000000E+00 0.2436E-13      7
   1    0      31     30      0  0.44705693E+02  0.00000000E+00 0.7603E-13      7
   1    0      32     31      0  0.46078247E+02  0.00000000E+00 0.3083E-13      6
   1    0      33     32      0  0.47449575E+02  0.00000000E+00 0.6598E-13      8
   1    0      34     33      0  0.48821075E+02  0.00000000E+00 0.4481E-13      8
   1    0      35     34      0  0.50190794E+02  0.00000000E+00 0.2839E-13      6
   1    0      36     35      0  0.51556133E+02  0.00000000E+00 0.4403E-13      6
   1    0      37     36      0  0.52909939E+02  0.00000000E+00 0.1081E-12      7
  Time elapsed :      0.639 s

Mode Search
-----------

Mode parameters
   l : 2
   m : 0

Building frequency grid (REAL axis)
   added scan interval :  0.8107E+01 ->  0.5353E+02 (100 points, LINEAR)

Building spatial grid
   Refined 0 subinterval(s) in iteration 1
   Final grid has 1 segment(s) and 1082 point(s):
      Segment 1 : x range 0.0000 -> 1.0009 (1 -> 1082)

Starting search (adiabatic)

Evaluating discriminant
  Time elapsed :     0.104 s

Root Solving
   l    m    n_pg    n_p    n_g       Re(omega)       Im(omega)        chi n_iter
   2    0       5      5      0  0.95160165E+01  0.00000000E+00 0.1701E-13      7
   2    0       6      6      0  0.10973199E+02  0.00000000E+00 0.3885E-14      9
   2    0       7      7      0  0.12436931E+02  0.00000000E+00 0.5194E-14      8
   2    0       8      8      0  0.13883592E+02  0.00000000E+00 0.1585E-13      7
   2    0       9      9      0  0.15318194E+02  0.00000000E+00 0.2891E-13      8
   2    0      10     10      0  0.16732215E+02  0.00000000E+00 0.1127E-13      6
   2    0      11     11      0  0.18114459E+02  0.00000000E+00 0.1684E-13      6
   2    0      12     12      0  0.19483141E+02  0.00000000E+00 0.5430E-14      6
   2    0      13     13      0  0.20843410E+02  0.00000000E+00 0.2406E-14      6
   2    0      14     14      0  0.22206506E+02  0.00000000E+00 0.1882E-13      6
   2    0      15     15      0  0.23571007E+02  0.00000000E+00 0.5661E-14      6
   2    0      16     16      0  0.24923660E+02  0.00000000E+00 0.1610E-13      6
   2    0      17     17      0  0.26269533E+02  0.00000000E+00 0.9550E-13      7
   2    0      18     18      0  0.27612325E+02  0.00000000E+00 0.4026E-13      7
   2    0      19     19      0  0.28958970E+02  0.00000000E+00 0.1127E-13      7
   2    0      20     20      0  0.30313265E+02  0.00000000E+00 0.4497E-13      7
   2    0      21     21      0  0.31668536E+02  0.00000000E+00 0.2678E-13      9
   2    0      22     22      0  0.33025735E+02  0.00000000E+00 0.4087E-14      7
   2    0      23     23      0  0.34383246E+02  0.00000000E+00 0.9737E-13      9
   2    0      24     24      0  0.35741651E+02  0.00000000E+00 0.9698E-13     11
   2    0      25     25      0  0.37105159E+02  0.00000000E+00 0.4628E-13      6
   2    0      26     26      0  0.38470774E+02  0.00000000E+00 0.7161E-14      6
   2    0      27     27      0  0.39839318E+02  0.00000000E+00 0.2899E-14      8
   2    0      28     28      0  0.41209439E+02  0.00000000E+00 0.1148E-13      7
   2    0      29     29      0  0.42580194E+02  0.00000000E+00 0.7672E-13      9
   2    0      30     30      0  0.43953595E+02  0.00000000E+00 0.5009E-13      6
   2    0      31     31      0  0.45326757E+02  0.00000000E+00 0.6420E-14      6
   2    0      32     32      0  0.46700309E+02  0.00000000E+00 0.4786E-13      7
   2    0      33     33      0  0.48073583E+02  0.00000000E+00 0.1542E-13      6
   2    0      34     34      0  0.49445300E+02  0.00000000E+00 0.1653E-13      6
   2    0      35     35      0  0.50815376E+02  0.00000000E+00 0.2221E-13      7
   2    0      36     36      0  0.52178235E+02  0.00000000E+00 0.8404E-13      9
   2    0      37     37      0  0.53505047E+02  0.00000000E+00 0.4934E-13      8
  Time elapsed :      0.636 s

Mode Search
-----------

Mode parameters
   l : 3
   m : 0

Building frequency grid (REAL axis)
   added scan interval :  0.8107E+01 ->  0.5353E+02 (100 points, LINEAR)

Building spatial grid
   Refined 0 subinterval(s) in iteration 1
   Final grid has 1 segment(s) and 1082 point(s):
      Segment 1 : x range 0.0000 -> 1.0009 (1 -> 1082)

Starting search (adiabatic)

Evaluating discriminant
  Time elapsed :     0.103 s

Root Solving
   l    m    n_pg    n_p    n_g       Re(omega)       Im(omega)        chi n_iter
   3    0       4      4      0  0.85715142E+01  0.00000000E+00 0.5113E-14      6
   3    0       5      5      0  0.10058824E+02  0.00000000E+00 0.2086E-14      7
   3    0       6      6      0  0.11524045E+02  0.00000000E+00 0.6935E-14      7
   3    0       7      7      0  0.12982552E+02  0.00000000E+00 0.1359E-14      8
   3    0       8      8      0  0.14435490E+02  0.00000000E+00 0.1172E-14      6
   3    0       9      9      0  0.15862126E+02  0.00000000E+00 0.1049E-13      6
   3    0      10     10      0  0.17270338E+02  0.00000000E+00 0.2009E-13      8
   3    0      11     11      0  0.18649359E+02  0.00000000E+00 0.2005E-13      6
   3    0      12     12      0  0.20014698E+02  0.00000000E+00 0.5263E-14      7
   3    0      13     13      0  0.21381970E+02  0.00000000E+00 0.3116E-16      8
   3    0      14     14      0  0.22747591E+02  0.00000000E+00 0.1006E-13      7
   3    0      15     15      0  0.24112304E+02  0.00000000E+00 0.4980E-14      6
   3    0      16     16      0  0.25465670E+02  0.00000000E+00 0.2566E-13      6
   3    0      17     17      0  0.26810717E+02  0.00000000E+00 0.2483E-13      8
   3    0      18     18      0  0.28159298E+02  0.00000000E+00 0.4664E-13      6
   3    0      19     19      0  0.29511316E+02  0.00000000E+00 0.3747E-13      7
   3    0      20     20      0  0.30869377E+02  0.00000000E+00 0.1199E-13      7
   3    0      21     21      0  0.32229543E+02  0.00000000E+00 0.2539E-14      6
   3    0      22     22      0  0.33588501E+02  0.00000000E+00 0.8271E-13      7
   3    0      23     23      0  0.34949948E+02  0.00000000E+00 0.3239E-13      7
   3    0      24     24      0  0.36312718E+02  0.00000000E+00 0.1015E-13      9
   3    0      25     25      0  0.37679608E+02  0.00000000E+00 0.2031E-13      7
   3    0      26     26      0  0.39049974E+02  0.00000000E+00 0.7549E-13      7
   3    0      27     27      0  0.40420872E+02  0.00000000E+00 0.2822E-14     10
 INFO at line 238 <gyre_freq_context:eval_cutoff_freqs>:
 WARNING: Cutoff frequencies do not account for rotation effects
 INFO at line 90 <gyre_atmos:atmos_chi_r_>:
 WARNING: Discarding imaginary part of atmospheric radial wavenumber
   3    0      28     28      0  0.41794269E+02  0.00000000E+00 0.7937E-13      7
   3    0      29     29      0  0.43168322E+02  0.00000000E+00 0.2606E-13      7
   3    0      30     30      0  0.44543710E+02  0.00000000E+00 0.2070E-13      9
   3    0      31     31      0  0.45919849E+02  0.00000000E+00 0.2928E-13      7
   3    0      32     32      0  0.47294744E+02  0.00000000E+00 0.1636E-13      7
   3    0      33     33      0  0.48669905E+02  0.00000000E+00 0.9952E-13      7
   3    0      34     34      0  0.50042979E+02  0.00000000E+00 0.1203E-12     10
   3    0      35     35      0  0.51412286E+02  0.00000000E+00 0.1323E-12     10
   3    0      36     36      0  0.52771255E+02  0.00000000E+00 0.6193E-15      7
  Time elapsed :      0.634 s

